Mensaje I / 00:00:00:000 / Root(00) para top(01)
Mensaje I / 00:00:00:000 / top(01) para dropoff(02)
Mensaje I / 00:00:00:000 / top(01) para labeling(05)
Mensaje I / 00:00:00:000 / dropoff(02) para checkin(03)
Mensaje I / 00:00:00:000 / dropoff(02) para checkfile(04)
Mensaje I / 00:00:00:000 / labeling(05) para filling(06)
Mensaje I / 00:00:00:000 / labeling(05) para consulting(07)
Mensaje D / 00:00:00:000 / checkin(03) / ... para dropoff(02)
Mensaje D / 00:00:00:000 / checkfile(04) / ... para dropoff(02)
Mensaje D / 00:00:00:000 / filling(06) / ... para labeling(05)
Mensaje D / 00:00:00:000 / consulting(07) / ... para labeling(05)
Mensaje D / 00:00:00:000 / dropoff(02) / ... para top(01)
Mensaje D / 00:00:00:000 / labeling(05) / ... para top(01)
Mensaje D / 00:00:00:000 / top(01) / ... para Root(00)
Mensaje X / 00:00:55:000 / Root(00) / in /    -41.00000 para top(01)
Mensaje X / 00:00:55:000 / top(01) / in /    -41.00000 para dropoff(02)
Mensaje X / 00:00:55:000 / dropoff(02) / in /    -41.00000 para checkin(03)
Mensaje D / 00:00:55:000 / checkin(03) / 00:00:10:000 para dropoff(02)
Mensaje D / 00:00:55:000 / dropoff(02) / 00:00:10:000 para top(01)
Mensaje D / 00:00:55:000 / top(01) / 00:00:10:000 para Root(00)
Mensaje * / 00:01:05:000 / Root(00) para top(01)
Mensaje * / 00:01:05:000 / top(01) para dropoff(02)
Mensaje * / 00:01:05:000 / dropoff(02) para checkin(03)
Mensaje Y / 00:01:05:000 / checkin(03) / out /    -41.00000 para dropoff(02)
Mensaje D / 00:01:05:000 / checkin(03) / ... para dropoff(02)
Mensaje X / 00:01:05:000 / dropoff(02) / in /    -41.00000 para checkfile(04)
Mensaje D / 00:01:05:000 / checkfile(04) / 00:00:03:963 para dropoff(02)
Mensaje D / 00:01:05:000 / dropoff(02) / 00:00:03:963 para top(01)
Mensaje D / 00:01:05:000 / top(01) / 00:00:03:963 para Root(00)
Mensaje * / 00:01:08:963 / Root(00) para top(01)
Mensaje * / 00:01:08:963 / top(01) para dropoff(02)
Mensaje * / 00:01:08:963 / dropoff(02) para checkfile(04)
Mensaje Y / 00:01:08:963 / checkfile(04) / out /    -41.00000 para dropoff(02)
Mensaje Y / 00:01:08:963 / checkfile(04) / done /    -41.00000 para dropoff(02)
Mensaje D / 00:01:08:963 / checkfile(04) / ... para dropoff(02)
Mensaje Y / 00:01:08:963 / dropoff(02) / out /    -41.00000 para top(01)
Mensaje X / 00:01:08:963 / dropoff(02) / done /    -41.00000 para checkin(03)
Mensaje X / 00:01:08:963 / top(01) / in /    -41.00000 para labeling(05)
Mensaje D / 00:01:08:963 / checkin(03) / ... para dropoff(02)
Mensaje X / 00:01:08:963 / labeling(05) / in /    -41.00000 para filling(06)
Mensaje D / 00:01:08:963 / dropoff(02) / ... para top(01)
Mensaje D / 00:01:08:963 / filling(06) / 00:00:12:000 para labeling(05)
Mensaje D / 00:01:08:963 / labeling(05) / 00:00:12:000 para top(01)
Mensaje D / 00:01:08:963 / top(01) / 00:00:12:000 para Root(00)
Mensaje * / 00:01:20:963 / Root(00) para top(01)
Mensaje * / 00:01:20:963 / top(01) para labeling(05)
Mensaje * / 00:01:20:963 / labeling(05) para filling(06)
Mensaje Y / 00:01:20:963 / filling(06) / out /    -41.00000 para labeling(05)
Mensaje D / 00:01:20:963 / filling(06) / ... para labeling(05)
Mensaje X / 00:01:20:963 / labeling(05) / in /    -41.00000 para consulting(07)
Mensaje D / 00:01:20:963 / consulting(07) / 00:00:00:611 para labeling(05)
Mensaje D / 00:01:20:963 / labeling(05) / 00:00:00:611 para top(01)
Mensaje D / 00:01:20:963 / top(01) / 00:00:00:611 para Root(00)
Mensaje * / 00:01:21:574 / Root(00) para top(01)
Mensaje * / 00:01:21:574 / top(01) para labeling(05)
Mensaje * / 00:01:21:574 / labeling(05) para consulting(07)
Mensaje Y / 00:01:21:574 / consulting(07) / out /    -41.00000 para labeling(05)
Mensaje Y / 00:01:21:574 / consulting(07) / done /    -41.00000 para labeling(05)
Mensaje D / 00:01:21:574 / consulting(07) / ... para labeling(05)
Mensaje Y / 00:01:21:574 / labeling(05) / out /    -41.00000 para top(01)
Mensaje X / 00:01:21:574 / labeling(05) / done /    -41.00000 para filling(06)
Mensaje Y / 00:01:21:574 / top(01) / out /    -41.00000 para Root(00)
Mensaje D / 00:01:21:574 / filling(06) / ... para labeling(05)
Mensaje D / 00:01:21:574 / labeling(05) / ... para top(01)
Mensaje D / 00:01:21:574 / top(01) / ... para Root(00)
Mensaje X / 00:01:30:000 / Root(00) / in /     66.00000 para top(01)
Mensaje X / 00:01:30:000 / top(01) / in /     66.00000 para dropoff(02)
Mensaje X / 00:01:30:000 / dropoff(02) / in /     66.00000 para checkin(03)
Mensaje D / 00:01:30:000 / checkin(03) / ... para dropoff(02)
Mensaje D / 00:01:30:000 / dropoff(02) / ... para top(01)
Mensaje D / 00:01:30:000 / top(01) / ... para Root(00)
Mensaje X / 00:01:50:000 / Root(00) / in /     78.00000 para top(01)
Mensaje X / 00:01:50:000 / top(01) / in /     78.00000 para dropoff(02)
Mensaje X / 00:01:50:000 / dropoff(02) / in /     78.00000 para checkin(03)
Mensaje D / 00:01:50:000 / checkin(03) / ... para dropoff(02)
Mensaje D / 00:01:50:000 / dropoff(02) / ... para top(01)
Mensaje D / 00:01:50:000 / top(01) / ... para Root(00)
