Mensaje I / 00:00:00:000 / Root(00) para top(01)
Mensaje I / 00:00:00:000 / top(01) para dropoff(02)
Mensaje I / 00:00:00:000 / top(01) para labeling(05)
Mensaje I / 00:00:00:000 / dropoff(02) para checkin(03)
Mensaje I / 00:00:00:000 / dropoff(02) para checkfile(04)
Mensaje I / 00:00:00:000 / labeling(05) para filling(06)
Mensaje I / 00:00:00:000 / labeling(05) para consulting(07)
Mensaje D / 00:00:00:000 / checkin(03) / ... para dropoff(02)
Mensaje D / 00:00:00:000 / checkfile(04) / ... para dropoff(02)
Mensaje D / 00:00:00:000 / filling(06) / ... para labeling(05)
Mensaje D / 00:00:00:000 / consulting(07) / ... para labeling(05)
Mensaje D / 00:00:00:000 / dropoff(02) / ... para top(01)
Mensaje D / 00:00:00:000 / labeling(05) / ... para top(01)
Mensaje D / 00:00:00:000 / top(01) / ... para Root(00)
Mensaje X / 00:00:31:000 / Root(00) / in /    -41.00000 para top(01)
Mensaje X / 00:00:31:000 / top(01) / in /    -41.00000 para dropoff(02)
Mensaje X / 00:00:31:000 / dropoff(02) / in /    -41.00000 para checkin(03)
Mensaje D / 00:00:31:000 / checkin(03) / 00:00:10:000 para dropoff(02)
Mensaje D / 00:00:31:000 / dropoff(02) / 00:00:10:000 para top(01)
Mensaje D / 00:00:31:000 / top(01) / 00:00:10:000 para Root(00)
Mensaje X / 00:00:34:000 / Root(00) / in /      8.00000 para top(01)
Mensaje X / 00:00:34:000 / top(01) / in /      8.00000 para dropoff(02)
Mensaje X / 00:00:34:000 / dropoff(02) / in /      8.00000 para checkin(03)
Mensaje D / 00:00:34:000 / checkin(03) / 00:00:07:000 para dropoff(02)
Mensaje D / 00:00:34:000 / dropoff(02) / 00:00:07:000 para top(01)
Mensaje D / 00:00:34:000 / top(01) / 00:00:07:000 para Root(00)
Mensaje X / 00:00:35:000 / Root(00) / in /    -11.00000 para top(01)
Mensaje X / 00:00:35:000 / top(01) / in /    -11.00000 para dropoff(02)
Mensaje X / 00:00:35:000 / dropoff(02) / in /    -11.00000 para checkin(03)
Mensaje D / 00:00:35:000 / checkin(03) / 00:00:06:000 para dropoff(02)
Mensaje D / 00:00:35:000 / dropoff(02) / 00:00:06:000 para top(01)
Mensaje D / 00:00:35:000 / top(01) / 00:00:06:000 para Root(00)
Mensaje * / 00:00:41:000 / Root(00) para top(01)
Mensaje * / 00:00:41:000 / top(01) para dropoff(02)
Mensaje * / 00:00:41:000 / dropoff(02) para checkin(03)
Mensaje Y / 00:00:41:000 / checkin(03) / out /    -41.00000 para dropoff(02)
Mensaje D / 00:00:41:000 / checkin(03) / ... para dropoff(02)
Mensaje X / 00:00:41:000 / dropoff(02) / in /    -41.00000 para checkfile(04)
Mensaje D / 00:00:41:000 / checkfile(04) / 00:00:03:963 para dropoff(02)
Mensaje D / 00:00:41:000 / dropoff(02) / 00:00:03:963 para top(01)
Mensaje D / 00:00:41:000 / top(01) / 00:00:03:963 para Root(00)
Mensaje * / 00:00:44:963 / Root(00) para top(01)
Mensaje * / 00:00:44:963 / top(01) para dropoff(02)
Mensaje * / 00:00:44:963 / dropoff(02) para checkfile(04)
Mensaje Y / 00:00:44:963 / checkfile(04) / out /    -41.00000 para dropoff(02)
Mensaje Y / 00:00:44:963 / checkfile(04) / done /    -41.00000 para dropoff(02)
Mensaje D / 00:00:44:963 / checkfile(04) / ... para dropoff(02)
Mensaje Y / 00:00:44:963 / dropoff(02) / out /    -41.00000 para top(01)
Mensaje X / 00:00:44:963 / dropoff(02) / done /    -41.00000 para checkin(03)
Mensaje X / 00:00:44:963 / top(01) / in /    -41.00000 para labeling(05)
Mensaje D / 00:00:44:963 / checkin(03) / 00:00:10:000 para dropoff(02)
Mensaje X / 00:00:44:963 / labeling(05) / in /    -41.00000 para filling(06)
Mensaje D / 00:00:44:963 / dropoff(02) / 00:00:10:000 para top(01)
Mensaje D / 00:00:44:963 / filling(06) / 00:00:12:000 para labeling(05)
Mensaje D / 00:00:44:963 / labeling(05) / 00:00:12:000 para top(01)
Mensaje D / 00:00:44:963 / top(01) / 00:00:10:000 para Root(00)
Mensaje * / 00:00:54:963 / Root(00) para top(01)
Mensaje * / 00:00:54:963 / top(01) para dropoff(02)
Mensaje * / 00:00:54:963 / dropoff(02) para checkin(03)
Mensaje Y / 00:00:54:963 / checkin(03) / out /      8.00000 para dropoff(02)
Mensaje D / 00:00:54:963 / checkin(03) / ... para dropoff(02)
Mensaje X / 00:00:54:963 / dropoff(02) / in /      8.00000 para checkfile(04)
Mensaje D / 00:00:54:963 / checkfile(04) / 00:00:00:388 para dropoff(02)
Mensaje D / 00:00:54:963 / dropoff(02) / 00:00:00:388 para top(01)
Mensaje D / 00:00:54:963 / top(01) / 00:00:00:388 para Root(00)
Mensaje * / 00:00:55:351 / Root(00) para top(01)
Mensaje * / 00:00:55:351 / top(01) para dropoff(02)
Mensaje * / 00:00:55:351 / dropoff(02) para checkfile(04)
Mensaje Y / 00:00:55:351 / checkfile(04) / out /      8.00000 para dropoff(02)
Mensaje Y / 00:00:55:351 / checkfile(04) / done /      8.00000 para dropoff(02)
Mensaje D / 00:00:55:351 / checkfile(04) / ... para dropoff(02)
Mensaje Y / 00:00:55:351 / dropoff(02) / out /      8.00000 para top(01)
Mensaje X / 00:00:55:351 / dropoff(02) / done /      8.00000 para checkin(03)
Mensaje X / 00:00:55:351 / top(01) / in /      8.00000 para labeling(05)
Mensaje D / 00:00:55:351 / checkin(03) / 00:00:10:000 para dropoff(02)
Mensaje X / 00:00:55:351 / labeling(05) / in /      8.00000 para filling(06)
Mensaje D / 00:00:55:351 / dropoff(02) / 00:00:10:000 para top(01)
Mensaje D / 00:00:55:351 / filling(06) / 00:00:01:612 para labeling(05)
Mensaje D / 00:00:55:351 / labeling(05) / 00:00:01:612 para top(01)
Mensaje D / 00:00:55:351 / top(01) / 00:00:01:612 para Root(00)
Mensaje * / 00:00:56:963 / Root(00) para top(01)
Mensaje * / 00:00:56:963 / top(01) para labeling(05)
Mensaje * / 00:00:56:963 / labeling(05) para filling(06)
Mensaje Y / 00:00:56:963 / filling(06) / out /    -41.00000 para labeling(05)
Mensaje D / 00:00:56:963 / filling(06) / ... para labeling(05)
Mensaje X / 00:00:56:963 / labeling(05) / in /    -41.00000 para consulting(07)
Mensaje D / 00:00:56:963 / consulting(07) / 00:00:00:126 para labeling(05)
Mensaje D / 00:00:56:963 / labeling(05) / 00:00:00:126 para top(01)
Mensaje D / 00:00:56:963 / top(01) / 00:00:00:126 para Root(00)
Mensaje * / 00:00:57:089 / Root(00) para top(01)
Mensaje * / 00:00:57:089 / top(01) para labeling(05)
Mensaje * / 00:00:57:089 / labeling(05) para consulting(07)
Mensaje Y / 00:00:57:089 / consulting(07) / out /    -41.00000 para labeling(05)
Mensaje Y / 00:00:57:089 / consulting(07) / done /    -41.00000 para labeling(05)
Mensaje D / 00:00:57:089 / consulting(07) / ... para labeling(05)
Mensaje Y / 00:00:57:089 / labeling(05) / out /    -41.00000 para top(01)
Mensaje X / 00:00:57:089 / labeling(05) / done /    -41.00000 para filling(06)
Mensaje Y / 00:00:57:089 / top(01) / out /    -41.00000 para Root(00)
Mensaje D / 00:00:57:089 / filling(06) / 00:00:12:000 para labeling(05)
Mensaje D / 00:00:57:089 / labeling(05) / 00:00:12:000 para top(01)
Mensaje D / 00:00:57:089 / top(01) / 00:00:08:262 para Root(00)
Mensaje * / 00:01:05:351 / Root(00) para top(01)
Mensaje * / 00:01:05:351 / top(01) para dropoff(02)
Mensaje * / 00:01:05:351 / dropoff(02) para checkin(03)
Mensaje Y / 00:01:05:351 / checkin(03) / out /    -11.00000 para dropoff(02)
Mensaje D / 00:01:05:351 / checkin(03) / ... para dropoff(02)
Mensaje X / 00:01:05:351 / dropoff(02) / in /    -11.00000 para checkfile(04)
Mensaje D / 00:01:05:351 / checkfile(04) / 00:00:04:106 para dropoff(02)
Mensaje D / 00:01:05:351 / dropoff(02) / 00:00:04:106 para top(01)
Mensaje D / 00:01:05:351 / top(01) / 00:00:03:738 para Root(00)
Mensaje * / 00:01:09:089 / Root(00) para top(01)
Mensaje * / 00:01:09:089 / top(01) para labeling(05)
Mensaje * / 00:01:09:089 / labeling(05) para filling(06)
Mensaje Y / 00:01:09:089 / filling(06) / out /      8.00000 para labeling(05)
Mensaje D / 00:01:09:089 / filling(06) / ... para labeling(05)
Mensaje X / 00:01:09:089 / labeling(05) / in /      8.00000 para consulting(07)
Mensaje D / 00:01:09:089 / consulting(07) / 00:00:00:547 para labeling(05)
Mensaje D / 00:01:09:089 / labeling(05) / 00:00:00:547 para top(01)
Mensaje D / 00:01:09:089 / top(01) / 00:00:00:368 para Root(00)
Mensaje * / 00:01:09:457 / Root(00) para top(01)
Mensaje * / 00:01:09:457 / top(01) para dropoff(02)
Mensaje * / 00:01:09:457 / dropoff(02) para checkfile(04)
Mensaje Y / 00:01:09:457 / checkfile(04) / out /    -11.00000 para dropoff(02)
Mensaje Y / 00:01:09:457 / checkfile(04) / done /    -11.00000 para dropoff(02)
Mensaje D / 00:01:09:457 / checkfile(04) / ... para dropoff(02)
Mensaje Y / 00:01:09:457 / dropoff(02) / out /    -11.00000 para top(01)
Mensaje X / 00:01:09:457 / dropoff(02) / done /    -11.00000 para checkin(03)
Mensaje X / 00:01:09:457 / top(01) / in /    -11.00000 para labeling(05)
Mensaje D / 00:01:09:457 / checkin(03) / ... para dropoff(02)
Mensaje X / 00:01:09:457 / labeling(05) / in /    -11.00000 para filling(06)
Mensaje D / 00:01:09:457 / dropoff(02) / ... para top(01)
Mensaje D / 00:01:09:457 / filling(06) / ... para labeling(05)
Mensaje D / 00:01:09:457 / labeling(05) / 00:00:00:179 para top(01)
Mensaje D / 00:01:09:457 / top(01) / 00:00:00:179 para Root(00)
Mensaje * / 00:01:09:636 / Root(00) para top(01)
Mensaje * / 00:01:09:636 / top(01) para labeling(05)
Mensaje * / 00:01:09:636 / labeling(05) para consulting(07)
Mensaje Y / 00:01:09:636 / consulting(07) / out /      8.00000 para labeling(05)
Mensaje Y / 00:01:09:636 / consulting(07) / done /      8.00000 para labeling(05)
Mensaje D / 00:01:09:636 / consulting(07) / ... para labeling(05)
Mensaje Y / 00:01:09:636 / labeling(05) / out /      8.00000 para top(01)
Mensaje X / 00:01:09:636 / labeling(05) / done /      8.00000 para filling(06)
Mensaje Y / 00:01:09:636 / top(01) / out /      8.00000 para Root(00)
Mensaje D / 00:01:09:636 / filling(06) / 00:00:12:000 para labeling(05)
Mensaje D / 00:01:09:636 / labeling(05) / 00:00:12:000 para top(01)
Mensaje D / 00:01:09:636 / top(01) / 00:00:12:000 para Root(00)
Mensaje * / 00:01:21:636 / Root(00) para top(01)
Mensaje * / 00:01:21:636 / top(01) para labeling(05)
Mensaje * / 00:01:21:636 / labeling(05) para filling(06)
Mensaje Y / 00:01:21:636 / filling(06) / out /    -11.00000 para labeling(05)
Mensaje D / 00:01:21:636 / filling(06) / ... para labeling(05)
Mensaje X / 00:01:21:636 / labeling(05) / in /    -11.00000 para consulting(07)
Mensaje D / 00:01:21:636 / consulting(07) / 00:00:03:482 para labeling(05)
Mensaje D / 00:01:21:636 / labeling(05) / 00:00:03:482 para top(01)
Mensaje D / 00:01:21:636 / top(01) / 00:00:03:482 para Root(00)
Mensaje * / 00:01:25:118 / Root(00) para top(01)
Mensaje * / 00:01:25:118 / top(01) para labeling(05)
Mensaje * / 00:01:25:118 / labeling(05) para consulting(07)
Mensaje Y / 00:01:25:118 / consulting(07) / out /    -11.00000 para labeling(05)
Mensaje Y / 00:01:25:118 / consulting(07) / done /    -11.00000 para labeling(05)
Mensaje D / 00:01:25:118 / consulting(07) / ... para labeling(05)
Mensaje Y / 00:01:25:118 / labeling(05) / out /    -11.00000 para top(01)
Mensaje X / 00:01:25:118 / labeling(05) / done /    -11.00000 para filling(06)
Mensaje Y / 00:01:25:118 / top(01) / out /    -11.00000 para Root(00)
Mensaje D / 00:01:25:118 / filling(06) / ... para labeling(05)
Mensaje D / 00:01:25:118 / labeling(05) / ... para top(01)
Mensaje D / 00:01:25:118 / top(01) / ... para Root(00)
